#
# A fatal error has been detected by the Java Runtime Environment:
#
#  EXCEPTION_ACCESS_VIOLATION (0xc0000005) at pc=0x00007ffb72a62abb, pid=4020, tid=10096
#
# JRE version: OpenJDK Runtime Environment (24.0.1+9) (build 24.0.1+9-30)
# Java VM: OpenJDK 64-Bit Server VM (24.0.1+9-30, mixed mode, emulated-client, sharing, tiered, compressed oops, compressed class ptrs, g1 gc, windows-amd64)
# Problematic frame:
# C  [libasyncProfiler.dll+0x92abb]
#
# No core dump will be written. Minidumps are not enabled by default on client versions of Windows
#
# JFR recording file will be written. Location: C:\Users\Damamas\IdeaProjects\SberPractice\hs_err_pid4020.jfr
#
# If you would like to submit a bug report, please visit:
#   https://bugreport.java.com/bugreport/crash.jsp
# The crash happened outside the Java Virtual Machine in native code.
# See problematic frame for where to report the bug.
#

---------------  S U M M A R Y ------------

Command Line: --enable-preview -XX:TieredStopAtLevel=1 -Dspring.output.ansi.enabled=always -Dcom.sun.management.jmxremote -Dspring.jmx.enabled=true -Dspring.liveBeansView.mbeanDomain -Dspring.application.admin.enabled=true -Dmanagement.endpoints.jmx.exposure.include=* -javaagent:D:\IntelliJ IDEA 2024.2.6\lib\idea_rt.jar=50107:D:\IntelliJ IDEA 2024.2.6\bin -Dfile.encoding=UTF-8 -Dsun.stdout.encoding=UTF-8 -Dsun.stderr.encoding=UTF-8 org.example.sberpractice.SberPracticeApplication

Host: 13th Gen Intel(R) Core(TM) i5-13420H, 12 cores, 15G,  Windows 11 , 64 bit Build 26100 (10.0.26100.4202)
Time: Sat Jul 19 21:45:22 2025 RTZ 2 (s 11 , 64 bit Build 26100 (10.0.26100.4202) elapsed time: 60.590311 seconds (0d 0h 1m 0s)

---------------  T H R E A D  ---------------

Current thread (0x000001671f7b3030):  JavaThread "Attach Listener" daemon [_thread_in_native, id=10096, stack(0x000000594a100000,0x000000594a200000) (1024K)]

Stack: [0x000000594a100000,0x000000594a200000],  sp=0x000000594a1feb50,  free space=1018k
Native frames: (J=compiled Java code, j=interpreted, Vv=VM code, C=native code)
C  [libasyncProfiler.dll+0x92abb]  (no source info available)
C  [libasyncProfiler.dll+0x92f9b]  (no source info available)
C  [libasyncProfiler.dll+0x91bf4]  (no source info available)
C  [libasyncProfiler.dll+0x92479]  (no source info available)
C  [libasyncProfiler.dll+0x8d061]  (no source info available)
C  [libasyncProfiler.dll+0x7e841]  (no source info available)
C  [libasyncProfiler.dll+0x7d528]  (no source info available)
C  [libasyncProfiler.dll+0x7d418]  (no source info available)
C  [libasyncProfiler.dll+0x844ca]  (no source info available)
V  [jvm.dll+0x57eff7]  (no source info available)
V  [jvm.dll+0x57fdac]  (no source info available)
V  [jvm.dll+0x14ca17]  (no source info available)
V  [jvm.dll+0x14dfe1]  (no source info available)
V  [jvm.dll+0x42f456]  (no source info available)
V  [jvm.dll+0x87d76b]  (no source info available)
V  [jvm.dll+0x72ee55]  (no source info available)
C  [ucrtbase.dll+0x37b0]  (no source info available)
C  [KERNEL32.DLL+0x2e8d7]  (no source info available)
C  [ntdll.dll+0x3c34c]  (no source info available)


siginfo: EXCEPTION_ACCESS_VIOLATION (0xc0000005), reading address 0xffffffffffffffff


Registers:
RAX=0x0000000000000010, RBX=0x0000000000000000, RCX=0xffffffffffffffff, RDX=0x007ffb043c300010
RSP=0x000000594a1feb50, RBP=0x0000016720411548, RSI=0x000000594a1fecb8, RDI=0x0000016720411548
R8 =0x0000000000000042, R9 =0x000000070fe00080, R10=0x00007ffb04639fb0, R11=0x0000000000000004
R12=0x000000594a1fecb8, R13=0x00000167669f8740, R14=0x000001671f7b33f8, R15=0x000001671f7b33f8
RIP=0x00007ffb72a62abb, EFLAGS=0x0000000000010202

XMM[0]=0x0000000000000000 0x0000000000000000
XMM[1]=0x0000000000000000 0x0000000000000000
XMM[2]=0x0000000000000000 0x0000000000000000
XMM[3]=0x0000000000000000 0x0000000000000000
XMM[4]=0x0000000000000000 0x0000000000000000
XMM[5]=0x0000000000000000 0x0000000000000000
XMM[6]=0x0000000000000000 0x0000000000000000
XMM[7]=0x0000000000000000 0x0000000000000000
XMM[8]=0x0000000000000000 0x0000000000000000
XMM[9]=0x0000000000000000 0x0000000000000000
XMM[10]=0x0000000000000000 0x0000000000000000
XMM[11]=0x0000000000000000 0x0000000000000000
XMM[12]=0x0000000000000000 0x0000000000000000
XMM[13]=0x0000000000000000 0x0000000000000000
XMM[14]=0x0000000000000000 0x0000000000000000
XMM[15]=0x0000000000000000 0x0000000000000000
  MXCSR=0x00001fa0


Register to memory mapping:

RAX=0x0000000000000010 is an unknown value
RBX=0x0 is null
RCX=0xffffffffffffffff is an unknown value
RDX=0x007ffb043c300010 is an unknown value
RSP=0x000000594a1feb50 is pointing into the stack for thread: 0x000001671f7b3030
RBP=0x0000016720411548 points into unknown readable memory: 0x000000070fe00080 | 80 00 e0 0f 07 00 00 00
RSI=0x000000594a1fecb8 is pointing into the stack for thread: 0x000001671f7b3030
RDI=0x0000016720411548 points into unknown readable memory: 0x000000070fe00080 | 80 00 e0 0f 07 00 00 00
R8 =0x0000000000000042 is an unknown value
R9 =0x000000070fe00080 is an oop: java.lang.Thread 
{0x000000070fe00080} - klass: 'java/lang/Thread' - flags: 

 - ---- fields (total size 14 words):
 - 'threadLocalRandomProbe' 'I' @12  0 (0x00000000)
 - private volatile 'eetop' 'J' @16  1542063231648 (0x000001670a2192a0)
 - private final 'tid' 'J' @24  3 (0x0000000000000003)
 - 'threadLocalRandomSeed' 'J' @32  0 (0x0000000000000000)
 - injected 'jvmti_thread_state' 'J' @40  1543614051040 (0x00000167669132e0)
 - 'threadLocalRandomSecondarySeed' 'I' @48  -1714292933 (0x99d1f73b)
 - injected 'jvmti_VTMS_transition_disable_count' 'I' @52  0 (0x00000000)
 - injected 'jfr_epoch' 'S' @56  0 (0x0000)
 - volatile 'interrupted' 'Z' @58  false (0x00)
 - injected 'jvmti_is_in_VTMS_transition' 'Z' @59  false (0x00)
 - private volatile 'name' 'Ljava/lang/String;' @60  "main"{0x000000070fc9eaf8} (0xe1f93d5f)
 - private volatile 'contextClassLoader' 'Ljava/lang/ClassLoader;' @64  a 'jdk/internal/loader/ClassLoaders$AppClassLoader'{0x000000070fe28388} (0xe1fc5071)
 - private final 'holder' 'Ljava/lang/Thread$FieldHolder;' @68  a 'java/lang/Thread$FieldHolder'{0x000000070fc9eb28} (0xe1f93d65)
 - 'threadLocals' 'Ljava/lang/ThreadLocal$ThreadLocalMap;' @72  a 'java/lang/ThreadLocal$ThreadLocalMap'{0x000000070fc9eb50} (0xe1f93d6a)
 - 'inheritableThreadLocals' 'Ljava/lang/ThreadLocal$ThreadLocalMap;' @76  null (0x00000000)
 - private 'scopedValueBindings' 'Ljava/lang/Object;' @80  a 'java/lang/Class'{0x00000007ffe7c258} = 'java/lang/Thread' (0xfffcf84b)
 - final 'interruptLock' 'Ljava/lang/Object;' @84  a 'java/lang/Object'{0x000000070fc9efd0} (0xe1f93dfa)
 - private volatile 'parkBlocker' 'Ljava/lang/Object;' @88  null (0x00000000)
 - private 'nioBlocker' 'Lsun/nio/ch/Interruptible;' @92  null (0x00000000)
 - private 'cont' 'Ljdk/internal/vm/Continuation;' @96  null (0x00000000)
 - private volatile 'uncaughtExceptionHandler' 'Ljava/lang/Thread$UncaughtExceptionHandler;' @100  a 'org/springframework/boot/devtools/restart/SilentExitExceptionHandler'{0x000000070fc9e9a8} (0xe1f93d35)
 - private 'container' 'Ljdk/internal/vm/ThreadContainer;' @104  null (0x00000000)
 - private volatile 'headStackableScopes' 'Ljdk/internal/vm/StackableScope;' @108  null (0x00000000)
R10=0x00007ffb04639fb0 jvm.dll
R11=0x0000000000000004 is an unknown value
R12=0x000000594a1fecb8 is pointing into the stack for thread: 0x000001671f7b3030
R13=0x00000167669f8740 points into unknown readable memory: 0x00007ffb045aa510 | 10 a5 5a 04 fb 7f 00 00
R14=0x000001671f7b33f8 points into unknown readable memory: 0x00007ffb045a17b0 | b0 17 5a 04 fb 7f 00 00
R15=0x000001671f7b33f8 points into unknown readable memory: 0x00007ffb045a17b0 | b0 17 5a 04 fb 7f 00 00

Top of Stack: (sp=0x000000594a1feb50)
0x000000594a1feb50:   000000594a1fecb8 0000016720411548   ...JY...H.A g...
0x000000594a1feb60:   0000000000000000 000001671f7b3780   .........7{.g...
0x000000594a1feb70:   0000000000000028 00007ffb72a62f9b   (......../.r....
0x000000594a1feb80:   0000000000000000 000001671f7b33f8   .........3{.g...
0x000000594a1feb90:   000000594a1fec01 0000000000000000   ...JY...........
0x000000594a1feba0:   0000016767cd71a0 00007ffb72a61bf4   .q.gg......r....
0x000000594a1febb0:   0000000000000000 0000000000000028   ........(.......
0x000000594a1febc0:   0000000000000000 0000000000000028   ........(.......
0x000000594a1febd0:   0000001300000002 0000016766900e80   ...........fg...
0x000000594a1febe0:   0000016767cd71a0 0000016767cd7240   .q.gg...@r.gg...
0x000000594a1febf0:   0000016767cd7248 0000000000003b58   Hr.gg...X;......
0x000000594a1fec00:   0000000000000000 0000000000000000   ................
0x000000594a1fec10:   0000000000000000 00007ffb03e057d4   .........W......
0x000000594a1fec20:   00007ffb72ba5c80 0000000000000fb4   .\.r............
0x000000594a1fec30:   00007ffb72ba5c80 00000000ffffffff   .\.r............
0x000000594a1fec40:   0000000000000000 00007ffb72a62479   ........y$.r....
0x000000594a1fec50:   000001671f7b33f8 0000000000000000   .3{.g...........
0x000000594a1fec60:   000000594a1fecc9 00000167669f8740   ...JY...@..fg...
0x000000594a1fec70:   0000000000000004 0000000000000048   ........H.......
0x000000594a1fec80:   0000000800800310 000001671f7b33f8   .........3{.g...
0x000000594a1fec90:   000001671f664d01 00007ffb72ba5c80   .Mf.g....\.r....
0x000000594a1feca0:   000001671f664d80 00000167669132e0   .Mf.g....2.fg...
0x000000594a1fecb0:   0000000800800390 0000016767ce8d20   ........ ..gg...
0x000000594a1fecc0:   0000016767ce9220 0000016767ce9220    ..gg... ..gg...
0x000000594a1fecd0:   000001671f7b33f8 00007ffb72ba5c80   .3{.g....\.r....
0x000000594a1fece0:   00000167202bbae8 000000594a1fee58   ..+ g...X..JY...
0x000000594a1fecf0:   000000594a1fef90 0000000000008840   ...JY...@.......
0x000000594a1fed00:   000000594a1ff280 00007ffb72ba5cd0   ...JY....\.r....
0x000000594a1fed10:   0000000000989680 0000000000989680   ................
0x000000594a1fed20:   000000594a1fee30 00007ffb72a5d061   0..JY...a..r....
0x000000594a1fed30:   00007ffb72ba5c80 00007ffb72ba5cd8   .\.r.....\.r....
0x000000594a1fed40:   00007ffb00000000 00007ffb00000001   ................

Instructions: (pc=0x00007ffb72a62abb)
  0x00007ffb72a629bb:   cc cc cc cc cc cc cc cc cc cc cc cc cc cc cc cc
  0x00007ffb72a629cb:   cc cc cc cc cc cc cc cc cc cc cc cc cc cc cc cc
  0x00007ffb72a629db:   cc cc cc cc cc cc cc cc cc cc cc cc cc cc cc cc
  0x00007ffb72a629eb:   cc cc cc cc cc cc cc cc cc cc cc cc cc cc cc cc
  0x00007ffb72a629fb:   cc cc cc cc cc cc cc cc cc cc cc cc cc cc cc cc
  0x00007ffb72a62a0b:   cc cc cc cc cc cc cc cc cc cc cc cc cc cc cc cc
  0x00007ffb72a62a1b:   cc cc cc cc cc cc cc cc cc cc cc cc cc cc cc cc
  0x00007ffb72a62a2b:   cc cc cc cc cc cc cc cc cc cc cc cc cc cc cc cc
  0x00007ffb72a62a3b:   cc cc cc cc cc cc cc cc cc cc cc cc cc cc cc cc
  0x00007ffb72a62a4b:   cc cc cc cc cc 48 89 5c 24 08 57 48 83 ec 20 48
  0x00007ffb72a62a5b:   8b f9 48 8d 54 24 38 48 8b 0d e7 33 14 00 41 b8
  0x00007ffb72a62a6b:   06 00 01 00 48 8b 01 4c 8b 48 30 41 ff d1 4c 8b
  0x00007ffb72a62a7b:   05 e0 34 14 00 33 c9 85 c0 48 0f 44 4c 24 38 4d
  0x00007ffb72a62a8b:   85 c0 74 4a 48 8b 01 48 8b d7 4c 8b 88 28 03 00
  0x00007ffb72a62a9b:   00 41 ff d1 48 85 c0 74 35 48 63 0d 01 f3 13 00
  0x00007ffb72a62aab:   48 8b 14 01 48 85 d2 74 15 48 63 05 05 f3 13 00
=>0x00007ffb72a62abb:   8b 04 10 48 8b 5c 24 30 48 83 c4 20 5f c3 b8 ff
  0x00007ffb72a62acb:   ff ff ff 48 8b 5c 24 30 48 83 c4 20 5f c3 80 3d
  0x00007ffb72a62adb:   84 33 14 00 00 bb ff ff ff ff 74 20 4c 8b 0d 2a
  0x00007ffb72a62aeb:   30 14 00 4c 8d 44 24 38 48 8b 0d 0e 30 14 00 48
  0x00007ffb72a62afb:   8b d7 41 ff d1 85 c0 0f 44 5c 24 38 8b c3 48 8b
  0x00007ffb72a62b0b:   5c 24 30 48 83 c4 20 5f c3 cc cc cc cc cc cc cc
  0x00007ffb72a62b1b:   cc cc cc cc cc cc cc cc cc cc cc cc cc cc cc cc
  0x00007ffb72a62b2b:   cc cc cc cc cc cc cc cc cc cc cc cc cc cc cc cc
  0x00007ffb72a62b3b:   cc cc cc cc cc cc cc cc cc cc cc cc cc cc cc cc
  0x00007ffb72a62b4b:   cc cc cc cc cc 48 89 54 24 10 53 55 56 57 41 56
  0x00007ffb72a62b5b:   41 57 48 83 ec 28 48 8b f2 4c 8b f1 48 89 4c 24
  0x00007ffb72a62b6b:   78 45 33 ff 44 89 7c 24 68 c7 44 24 60 01 00 00
  0x00007ffb72a62b7b:   00 48 8d 4c 24 68 e8 88 3f f7 ff 8b d8 48 8d 4c
  0x00007ffb72a62b8b:   24 60 e8 7c 3f f7 ff 8b e8 49 8b ce e8 2d f8 f6
  0x00007ffb72a62b9b:   ff 48 8b f8 90 8b c3 f0 0f b1 2f 74 04 f3 90 eb
  0x00007ffb72a62bab:   f4 4c 89 3e 4c 89 7e 08 4c 89 7e 10 49 8b 6e 08


Stack slot to memory mapping:

stack at sp + 0 slots: 0x000000594a1fecb8 is pointing into the stack for thread: 0x000001671f7b3030
stack at sp + 1 slots: 0x0000016720411548 points into unknown readable memory: 0x000000070fe00080 | 80 00 e0 0f 07 00 00 00
stack at sp + 2 slots: 0x0 is null
stack at sp + 3 slots: 0x000001671f7b3780 points into unknown readable memory: 0x6e616c2e6176616a | 6a 61 76 61 2e 6c 61 6e
stack at sp + 4 slots: 0x0000000000000028 is an unknown value
stack at sp + 5 slots: 0x00007ffb72a62f9b libasyncProfiler.dll
stack at sp + 6 slots: 0x0 is null
stack at sp + 7 slots: 0x000001671f7b33f8 points into unknown readable memory: 0x00007ffb045a17b0 | b0 17 5a 04 fb 7f 00 00

Lock stack of current Java thread (top to bottom):


---------------  P R O C E S S  ---------------

Threads class SMR info:
_java_thread_list=0x00000167674ec4b0, length=23, elements={
0x000001670a2192a0, 0x000001671f7acc10, 0x000001671f7ad550, 0x000001671f7b03c0,
0x000001671f7b3030, 0x000001671f7b3c90, 0x0000016720068710, 0x0000016720089380,
0x00000167201a2620, 0x00000167203a3cd0, 0x00000167203a4410, 0x00000167665802d0,
0x00000167665d2e70, 0x00000167665ffa90, 0x00000167665f5b30, 0x000001676676dc10,
0x00000167667875b0, 0x000001676699ed30, 0x00000167669a0a70, 0x000001676699f480,
0x00000167669a11c0, 0x00000167671cddf0, 0x000001676699e5e0
}

Java Threads: ( => current thread )
  0x000001670a2192a0 JavaThread "main"                              [_thread_blocked, id=15348, stack(0x0000005949600000,0x0000005949700000) (1024K)]
  0x000001671f7acc10 JavaThread "Reference Handler"          daemon [_thread_blocked, id=1964, stack(0x0000005949e00000,0x0000005949f00000) (1024K)]
  0x000001671f7ad550 JavaThread "Finalizer"                  daemon [_thread_blocked, id=10088, stack(0x0000005949f00000,0x000000594a000000) (1024K)]
  0x000001671f7b03c0 JavaThread "Signal Dispatcher"          daemon [_thread_blocked, id=7548, stack(0x000000594a000000,0x000000594a100000) (1024K)]
=>0x000001671f7b3030 JavaThread "Attach Listener"            daemon [_thread_in_native, id=10096, stack(0x000000594a100000,0x000000594a200000) (1024K)]
  0x000001671f7b3c90 JavaThread "Service Thread"             daemon [_thread_blocked, id=9060, stack(0x000000594a200000,0x000000594a300000) (1024K)]
  0x0000016720068710 JavaThread "Monitor Deflation Thread"   daemon [_thread_blocked, id=8824, stack(0x000000594a300000,0x000000594a400000) (1024K)]
  0x0000016720089380 JavaThread "C1 CompilerThread0"         daemon [_thread_blocked, id=14896, stack(0x000000594a400000,0x000000594a500000) (1024K)]
  0x00000167201a2620 JavaThread "Common-Cleaner"             daemon [_thread_blocked, id=5612, stack(0x000000594a700000,0x000000594a800000) (1024K)]
  0x00000167203a3cd0 JavaThread "Monitor Ctrl-Break"         daemon [_thread_in_native, id=14316, stack(0x000000594a800000,0x000000594a900000) (1024K)]
  0x00000167203a4410 JavaThread "Notification Thread"        daemon [_thread_blocked, id=7380, stack(0x000000594a900000,0x000000594aa00000) (1024K)]
  0x00000167665802d0 JavaThread "RMI TCP Accept-0"           daemon [_thread_in_native, id=14300, stack(0x000000594aa00000,0x000000594ab00000) (1024K)]
  0x00000167665d2e70 JavaThread "RMI TCP Connection(1)-192.168.31.202" daemon [_thread_in_native, id=17092, stack(0x000000594ab00000,0x000000594ac00000) (1024K)]
  0x00000167665ffa90 JavaThread "RMI Scheduler(0)"           daemon [_thread_blocked, id=17108, stack(0x000000594ac00000,0x000000594ad00000) (1024K)]
  0x00000167665f5b30 JavaThread "JMX server connection timeout 31" daemon [_thread_blocked, id=17100, stack(0x000000594ad00000,0x000000594ae00000) (1024K)]
  0x000001676676dc10 JavaThread "Thread-0"                          [_thread_blocked, id=17012, stack(0x000000594ae00000,0x000000594af00000) (1024K)]
  0x00000167667875b0 JavaThread "restartedMain"                     [_thread_in_native, id=17024, stack(0x000000594af00000,0x000000594b000000) (1024K)]
  0x000001676699ed30 JavaThread "OutputReader-stdout"        daemon [_thread_in_native, id=6376, stack(0x000000594b700000,0x000000594b800000) (1024K)]
  0x00000167669a0a70 JavaThread "OutputReader-stderr"        daemon [_thread_in_native, id=5320, stack(0x000000594b800000,0x000000594b900000) (1024K)]
  0x000001676699f480 JavaThread "RMI TCP Connection(2)-192.168.31.202" daemon [_thread_in_native, id=12340, stack(0x000000594a500000,0x000000594a600000) (1024K)]
  0x00000167669a11c0 JavaThread "JFR Recorder Thread"        daemon [_thread_in_native, id=17084, stack(0x0000005949300000,0x0000005949400000) (1024K)]
  0x00000167671cddf0 JavaThread "C1 CompilerThread1"         daemon [_thread_blocked, id=17116, stack(0x000000594a600000,0x000000594a700000) (1024K)]
  0x000001676699e5e0 JavaThread "JFR Periodic Tasks"         daemon [_thread_blocked, id=15192, stack(0x000000594b900000,0x000000594ba00000) (1024K)]
Total: 23

Other Threads:
  0x000001671f79eeb0 VMThread "VM Thread"                           [id=5608, stack(0x0000005949d00000,0x0000005949e00000) (1024K)]
  0x000001671f792cb0 WatcherThread "VM Periodic Task Thread"        [id=2372, stack(0x0000005949c00000,0x0000005949d00000) (1024K)]
  0x000001670c778900 WorkerThread "GC Thread#0"                     [id=15296, stack(0x0000005949700000,0x0000005949800000) (1024K)]
  0x00000167669594d0 WorkerThread "GC Thread#1"                     [id=8860, stack(0x000000594b000000,0x000000594b100000) (1024K)]
  0x0000016766959880 WorkerThread "GC Thread#2"                     [id=10380, stack(0x000000594b100000,0x000000594b200000) (1024K)]
  0x00000167669589c0 WorkerThread "GC Thread#3"                     [id=2500, stack(0x000000594b200000,0x000000594b300000) (1024K)]
  0x0000016766958260 WorkerThread "GC Thread#4"                     [id=8260, stack(0x000000594b300000,0x000000594b400000) (1024K)]
  0x0000016766958610 WorkerThread "GC Thread#5"                     [id=16216, stack(0x000000594b400000,0x000000594b500000) (1024K)]
  0x0000016766959c30 WorkerThread "GC Thread#6"                     [id=8884, stack(0x000000594b500000,0x000000594b600000) (1024K)]
  0x0000016766959120 WorkerThread "GC Thread#7"                     [id=1344, stack(0x000000594b600000,0x000000594b700000) (1024K)]
  0x000001670c78d460 ConcurrentGCThread "G1 Main Marker"            [id=15344, stack(0x0000005949800000,0x0000005949900000) (1024K)]
  0x000001670c78f580 WorkerThread "G1 Conc#0"                       [id=14188, stack(0x0000005949900000,0x0000005949a00000) (1024K)]
  0x000001671f6494b0 ConcurrentGCThread "G1 Refine#0"               [id=13408, stack(0x0000005949a00000,0x0000005949b00000) (1024K)]
  0x000001671f64acf0 ConcurrentGCThread "G1 Service"                [id=13344, stack(0x0000005949b00000,0x0000005949c00000) (1024K)]
Total: 14

Threads with active compile tasks:
Total: 0

VM state: not at safepoint (normal execution)

VM Mutex/Monitor currently owned by a thread: None

Heap address: 0x0000000703200000, size: 4046 MB, Compressed Oops mode: Zero based, Oop shift amount: 3

CDS archive(s) mapped at: [0x0000016721000000-0x0000016721d40000-0x0000016721d40000), size 13893632, SharedBaseAddress: 0x0000016721000000, ArchiveRelocationMode: 1.
Compressed class space mapped at: 0x0000016722000000-0x0000016762000000, reserved size: 1073741824
UseCompressedClassPointers 1, UseCompactObjectHeaders 0
Narrow klass pointer bits 32, Max shift 3
Narrow klass base: 0x0000016721000000, Narrow klass shift: 0
Encoding Range: [0x0000016721000000 - 0x0000016821000000), (4294967296 bytes)
Klass Range:    [0x0000016721000000 - 0x0000016762000000), (1090519040 bytes)
Klass ID Range:  [8 - 1090519033) (1090519025)

GC Precious Log:
 CardTable entry size: 512
 Card Set container configuration: InlinePtr #cards 4 size 8 Array Of Cards #cards 16 size 48 Howl #buckets 8 coarsen threshold 3686 Howl Bitmap #cards 512 size 80 coarsen threshold 460 Card regions per heap region 1 cards per card region 4096
 CPUs: 12 total, 12 available
 Memory: 16176M
 Large Page Support: Disabled
 NUMA Support: Disabled
 Compressed Oops: Enabled (Zero based)
 Heap Region Size: 2M
 Heap Min Capacity: 8M
 Heap Initial Capacity: 254M
 Heap Max Capacity: 4046M
 Pre-touch: Disabled
 Parallel Workers: 10
 Concurrent Workers: 3
 Concurrent Refinement Workers: 10
 Periodic GC: Disabled

Heap:
 garbage-first heap   total reserved 4143104K, committed 262144K, used 70577K [0x0000000703200000, 0x0000000800000000)
  region size 2048K, 36 young (73728K), 3 survivors (6144K)
 Metaspace       used 14240K, committed 14656K, reserved 1114112K
  class space    used 1729K, committed 1920K, reserved 1048576K

Heap Regions: E=young(eden), S=young(survivor), O=old, HS=humongous(starts), HC=humongous(continues), CS=collection set, F=free, TAMS=top-at-mark-start, PB=parsable bottom
|   0|0x0000000703200000, 0x0000000703200000, 0x0000000703400000|  0%| F|  |TAMS 0x0000000703200000| PB 0x0000000703200000| Untracked |  0
|   1|0x0000000703400000, 0x0000000703400000, 0x0000000703600000|  0%| F|  |TAMS 0x0000000703400000| PB 0x0000000703400000| Untracked |  0
|   2|0x0000000703600000, 0x0000000703600000, 0x0000000703800000|  0%| F|  |TAMS 0x0000000703600000| PB 0x0000000703600000| Untracked |  0
|   3|0x0000000703800000, 0x0000000703800000, 0x0000000703a00000|  0%| F|  |TAMS 0x0000000703800000| PB 0x0000000703800000| Untracked |  0
|   4|0x0000000703a00000, 0x0000000703a00000, 0x0000000703c00000|  0%| F|  |TAMS 0x0000000703a00000| PB 0x0000000703a00000| Untracked |  0
|   5|0x0000000703c00000, 0x0000000703c00000, 0x0000000703e00000|  0%| F|  |TAMS 0x0000000703c00000| PB 0x0000000703c00000| Untracked |  0
|   6|0x0000000703e00000, 0x0000000703e00000, 0x0000000704000000|  0%| F|  |TAMS 0x0000000703e00000| PB 0x0000000703e00000| Untracked |  0
|   7|0x0000000704000000, 0x0000000704000000, 0x0000000704200000|  0%| F|  |TAMS 0x0000000704000000| PB 0x0000000704000000| Untracked |  0
|   8|0x0000000704200000, 0x0000000704200000, 0x0000000704400000|  0%| F|  |TAMS 0x0000000704200000| PB 0x0000000704200000| Untracked |  0
|   9|0x0000000704400000, 0x0000000704400000, 0x0000000704600000|  0%| F|  |TAMS 0x0000000704400000| PB 0x0000000704400000| Untracked |  0
|  10|0x0000000704600000, 0x0000000704600000, 0x0000000704800000|  0%| F|  |TAMS 0x0000000704600000| PB 0x0000000704600000| Untracked |  0
|  11|0x0000000704800000, 0x0000000704800000, 0x0000000704a00000|  0%| F|  |TAMS 0x0000000704800000| PB 0x0000000704800000| Untracked |  0
|  12|0x0000000704a00000, 0x0000000704a00000, 0x0000000704c00000|  0%| F|  |TAMS 0x0000000704a00000| PB 0x0000000704a00000| Untracked |  0
|  13|0x0000000704c00000, 0x0000000704c00000, 0x0000000704e00000|  0%| F|  |TAMS 0x0000000704c00000| PB 0x0000000704c00000| Untracked |  0
|  14|0x0000000704e00000, 0x0000000704e00000, 0x0000000705000000|  0%| F|  |TAMS 0x0000000704e00000| PB 0x0000000704e00000| Untracked |  0
|  15|0x0000000705000000, 0x0000000705000000, 0x0000000705200000|  0%| F|  |TAMS 0x0000000705000000| PB 0x0000000705000000| Untracked |  0
|  16|0x0000000705200000, 0x0000000705200000, 0x0000000705400000|  0%| F|  |TAMS 0x0000000705200000| PB 0x0000000705200000| Untracked |  0
|  17|0x0000000705400000, 0x0000000705400000, 0x0000000705600000|  0%| F|  |TAMS 0x0000000705400000| PB 0x0000000705400000| Untracked |  0
|  18|0x0000000705600000, 0x0000000705600000, 0x0000000705800000|  0%| F|  |TAMS 0x0000000705600000| PB 0x0000000705600000| Untracked |  0
|  19|0x0000000705800000, 0x0000000705800000, 0x0000000705a00000|  0%| F|  |TAMS 0x0000000705800000| PB 0x0000000705800000| Untracked |  0
|  20|0x0000000705a00000, 0x0000000705a00000, 0x0000000705c00000|  0%| F|  |TAMS 0x0000000705a00000| PB 0x0000000705a00000| Untracked |  0
|  21|0x0000000705c00000, 0x0000000705c00000, 0x0000000705e00000|  0%| F|  |TAMS 0x0000000705c00000| PB 0x0000000705c00000| Untracked |  0
|  22|0x0000000705e00000, 0x0000000705e00000, 0x0000000706000000|  0%| F|  |TAMS 0x0000000705e00000| PB 0x0000000705e00000| Untracked |  0
|  23|0x0000000706000000, 0x0000000706000000, 0x0000000706200000|  0%| F|  |TAMS 0x0000000706000000| PB 0x0000000706000000| Untracked |  0
|  24|0x0000000706200000, 0x0000000706200000, 0x0000000706400000|  0%| F|  |TAMS 0x0000000706200000| PB 0x0000000706200000| Untracked |  0
|  25|0x0000000706400000, 0x0000000706400000, 0x0000000706600000|  0%| F|  |TAMS 0x0000000706400000| PB 0x0000000706400000| Untracked |  0
|  26|0x0000000706600000, 0x0000000706600000, 0x0000000706800000|  0%| F|  |TAMS 0x0000000706600000| PB 0x0000000706600000| Untracked |  0
|  27|0x0000000706800000, 0x0000000706800000, 0x0000000706a00000|  0%| F|  |TAMS 0x0000000706800000| PB 0x0000000706800000| Untracked |  0
|  28|0x0000000706a00000, 0x0000000706a00000, 0x0000000706c00000|  0%| F|  |TAMS 0x0000000706a00000| PB 0x0000000706a00000| Untracked |  0
|  29|0x0000000706c00000, 0x0000000706c00000, 0x0000000706e00000|  0%| F|  |TAMS 0x0000000706c00000| PB 0x0000000706c00000| Untracked |  0
|  30|0x0000000706e00000, 0x0000000706e00000, 0x0000000707000000|  0%| F|  |TAMS 0x0000000706e00000| PB 0x0000000706e00000| Untracked |  0
|  31|0x0000000707000000, 0x0000000707000000, 0x0000000707200000|  0%| F|  |TAMS 0x0000000707000000| PB 0x0000000707000000| Untracked |  0
|  32|0x0000000707200000, 0x0000000707200000, 0x0000000707400000|  0%| F|  |TAMS 0x0000000707200000| PB 0x0000000707200000| Untracked |  0
|  33|0x0000000707400000, 0x0000000707400000, 0x0000000707600000|  0%| F|  |TAMS 0x0000000707400000| PB 0x0000000707400000| Untracked |  0
|  34|0x0000000707600000, 0x0000000707600000, 0x0000000707800000|  0%| F|  |TAMS 0x0000000707600000| PB 0x0000000707600000| Untracked |  0
|  35|0x0000000707800000, 0x0000000707800000, 0x0000000707a00000|  0%| F|  |TAMS 0x0000000707800000| PB 0x0000000707800000| Untracked |  0
|  36|0x0000000707a00000, 0x0000000707a00000, 0x0000000707c00000|  0%| F|  |TAMS 0x0000000707a00000| PB 0x0000000707a00000| Untracked |  0
|  37|0x0000000707c00000, 0x0000000707c00000, 0x0000000707e00000|  0%| F|  |TAMS 0x0000000707c00000| PB 0x0000000707c00000| Untracked |  0
|  38|0x0000000707e00000, 0x0000000707e00000, 0x0000000708000000|  0%| F|  |TAMS 0x0000000707e00000| PB 0x0000000707e00000| Untracked |  0
|  39|0x0000000708000000, 0x0000000708000000, 0x0000000708200000|  0%| F|  |TAMS 0x0000000708000000| PB 0x0000000708000000| Untracked |  0
|  40|0x0000000708200000, 0x0000000708200000, 0x0000000708400000|  0%| F|  |TAMS 0x0000000708200000| PB 0x0000000708200000| Untracked |  0
|  41|0x0000000708400000, 0x0000000708400000, 0x0000000708600000|  0%| F|  |TAMS 0x0000000708400000| PB 0x0000000708400000| Untracked |  0
|  42|0x0000000708600000, 0x0000000708600000, 0x0000000708800000|  0%| F|  |TAMS 0x0000000708600000| PB 0x0000000708600000| Untracked |  0
|  43|0x0000000708800000, 0x0000000708800000, 0x0000000708a00000|  0%| F|  |TAMS 0x0000000708800000| PB 0x0000000708800000| Untracked |  0
|  44|0x0000000708a00000, 0x0000000708a00000, 0x0000000708c00000|  0%| F|  |TAMS 0x0000000708a00000| PB 0x0000000708a00000| Untracked |  0
|  45|0x0000000708c00000, 0x0000000708c00000, 0x0000000708e00000|  0%| F|  |TAMS 0x0000000708c00000| PB 0x0000000708c00000| Untracked |  0
|  46|0x0000000708e00000, 0x0000000708e00000, 0x0000000709000000|  0%| F|  |TAMS 0x0000000708e00000| PB 0x0000000708e00000| Untracked |  0
|  47|0x0000000709000000, 0x0000000709000000, 0x0000000709200000|  0%| F|  |TAMS 0x0000000709000000| PB 0x0000000709000000| Untracked |  0
|  48|0x0000000709200000, 0x0000000709200000, 0x0000000709400000|  0%| F|  |TAMS 0x0000000709200000| PB 0x0000000709200000| Untracked |  0
|  49|0x0000000709400000, 0x0000000709400000, 0x0000000709600000|  0%| F|  |TAMS 0x0000000709400000| PB 0x0000000709400000| Untracked |  0
|  50|0x0000000709600000, 0x0000000709600000, 0x0000000709800000|  0%| F|  |TAMS 0x0000000709600000| PB 0x0000000709600000| Untracked |  0
|  51|0x0000000709800000, 0x0000000709800000, 0x0000000709a00000|  0%| F|  |TAMS 0x0000000709800000| PB 0x0000000709800000| Untracked |  0
|  52|0x0000000709a00000, 0x0000000709a00000, 0x0000000709c00000|  0%| F|  |TAMS 0x0000000709a00000| PB 0x0000000709a00000| Untracked |  0
|  53|0x0000000709c00000, 0x0000000709c00000, 0x0000000709e00000|  0%| F|  |TAMS 0x0000000709c00000| PB 0x0000000709c00000| Untracked |  0
|  54|0x0000000709e00000, 0x0000000709e00000, 0x000000070a000000|  0%| F|  |TAMS 0x0000000709e00000| PB 0x0000000709e00000| Untracked |  0
|  55|0x000000070a000000, 0x000000070a000000, 0x000000070a200000|  0%| F|  |TAMS 0x000000070a000000| PB 0x000000070a000000| Untracked |  0
|  56|0x000000070a200000, 0x000000070a200000, 0x000000070a400000|  0%| F|  |TAMS 0x000000070a200000| PB 0x000000070a200000| Untracked |  0
|  57|0x000000070a400000, 0x000000070a400000, 0x000000070a600000|  0%| F|  |TAMS 0x000000070a400000| PB 0x000000070a400000| Untracked |  0
|  58|0x000000070a600000, 0x000000070a600000, 0x000000070a800000|  0%| F|  |TAMS 0x000000070a600000| PB 0x000000070a600000| Untracked |  0
|  59|0x000000070a800000, 0x000000070a800000, 0x000000070aa00000|  0%| F|  |TAMS 0x000000070a800000| PB 0x000000070a800000| Untracked |  0
|  60|0x000000070aa00000, 0x000000070aa00000, 0x000000070ac00000|  0%| F|  |TAMS 0x000000070aa00000| PB 0x000000070aa00000| Untracked |  0
|  61|0x000000070ac00000, 0x000000070ac00000, 0x000000070ae00000|  0%| F|  |TAMS 0x000000070ac00000| PB 0x000000070ac00000| Untracked |  0
|  62|0x000000070ae00000, 0x000000070ae00000, 0x000000070b000000|  0%| F|  |TAMS 0x000000070ae00000| PB 0x000000070ae00000| Untracked |  0
|  63|0x000000070b000000, 0x000000070b000000, 0x000000070b200000|  0%| F|  |TAMS 0x000000070b000000| PB 0x000000070b000000| Untracked |  0
|  64|0x000000070b200000, 0x000000070b200000, 0x000000070b400000|  0%| F|  |TAMS 0x000000070b200000| PB 0x000000070b200000| Untracked |  0
|  65|0x000000070b400000, 0x000000070b400000, 0x000000070b600000|  0%| F|  |TAMS 0x000000070b400000| PB 0x000000070b400000| Untracked |  0
|  66|0x000000070b600000, 0x000000070b600000, 0x000000070b800000|  0%| F|  |TAMS 0x000000070b600000| PB 0x000000070b600000| Untracked |  0
|  67|0x000000070b800000, 0x000000070b800000, 0x000000070ba00000|  0%| F|  |TAMS 0x000000070b800000| PB 0x000000070b800000| Untracked |  0
|  68|0x000000070ba00000, 0x000000070ba00000, 0x000000070bc00000|  0%| F|  |TAMS 0x000000070ba00000| PB 0x000000070ba00000| Untracked |  0
|  69|0x000000070bc00000, 0x000000070bc00000, 0x000000070be00000|  0%| F|  |TAMS 0x000000070bc00000| PB 0x000000070bc00000| Untracked |  0
|  70|0x000000070be00000, 0x000000070be00000, 0x000000070c000000|  0%| F|  |TAMS 0x000000070be00000| PB 0x000000070be00000| Untracked |  0
|  71|0x000000070c000000, 0x000000070c000000, 0x000000070c200000|  0%| F|  |TAMS 0x000000070c000000| PB 0x000000070c000000| Untracked |  0
|  72|0x000000070c200000, 0x000000070c200000, 0x000000070c400000|  0%| F|  |TAMS 0x000000070c200000| PB 0x000000070c200000| Untracked |  0
|  73|0x000000070c400000, 0x000000070c400000, 0x000000070c600000|  0%| F|  |TAMS 0x000000070c400000| PB 0x000000070c400000| Untracked |  0
|  74|0x000000070c600000, 0x000000070c600000, 0x000000070c800000|  0%| F|  |TAMS 0x000000070c600000| PB 0x000000070c600000| Untracked |  0
|  75|0x000000070c800000, 0x000000070c800000, 0x000000070ca00000|  0%| F|  |TAMS 0x000000070c800000| PB 0x000000070c800000| Untracked |  0
|  76|0x000000070ca00000, 0x000000070ca00000, 0x000000070cc00000|  0%| F|  |TAMS 0x000000070ca00000| PB 0x000000070ca00000| Untracked |  0
|  77|0x000000070cc00000, 0x000000070cc00000, 0x000000070ce00000|  0%| F|  |TAMS 0x000000070cc00000| PB 0x000000070cc00000| Untracked |  0
|  78|0x000000070ce00000, 0x000000070ce00000, 0x000000070d000000|  0%| F|  |TAMS 0x000000070ce00000| PB 0x000000070ce00000| Untracked |  0
|  79|0x000000070d000000, 0x000000070d000000, 0x000000070d200000|  0%| F|  |TAMS 0x000000070d000000| PB 0x000000070d000000| Untracked |  0
|  80|0x000000070d200000, 0x000000070d200000, 0x000000070d400000|  0%| F|  |TAMS 0x000000070d200000| PB 0x000000070d200000| Untracked |  0
|  81|0x000000070d400000, 0x000000070d400000, 0x000000070d600000|  0%| F|  |TAMS 0x000000070d400000| PB 0x000000070d400000| Untracked |  0
|  82|0x000000070d600000, 0x000000070d600000, 0x000000070d800000|  0%| F|  |TAMS 0x000000070d600000| PB 0x000000070d600000| Untracked |  0
|  83|0x000000070d800000, 0x000000070d800000, 0x000000070da00000|  0%| F|  |TAMS 0x000000070d800000| PB 0x000000070d800000| Untracked |  0
|  84|0x000000070da00000, 0x000000070da00000, 0x000000070dc00000|  0%| F|  |TAMS 0x000000070da00000| PB 0x000000070da00000| Untracked |  0
|  85|0x000000070dc00000, 0x000000070dc00000, 0x000000070de00000|  0%| F|  |TAMS 0x000000070dc00000| PB 0x000000070dc00000| Untracked |  0
|  86|0x000000070de00000, 0x000000070de00000, 0x000000070e000000|  0%| F|  |TAMS 0x000000070de00000| PB 0x000000070de00000| Untracked |  0
|  87|0x000000070e000000, 0x000000070e000000, 0x000000070e200000|  0%| F|  |TAMS 0x000000070e000000| PB 0x000000070e000000| Untracked |  0
|  88|0x000000070e200000, 0x000000070e200000, 0x000000070e400000|  0%| F|  |TAMS 0x000000070e200000| PB 0x000000070e200000| Untracked |  0
|  89|0x000000070e400000, 0x000000070e400000, 0x000000070e600000|  0%| F|  |TAMS 0x000000070e400000| PB 0x000000070e400000| Untracked |  0
|  90|0x000000070e600000, 0x000000070e600000, 0x000000070e800000|  0%| F|  |TAMS 0x000000070e600000| PB 0x000000070e600000| Untracked |  0
|  91|0x000000070e800000, 0x000000070e9431d0, 0x000000070ea00000| 63%| E|  |TAMS 0x000000070e800000| PB 0x000000070e800000| Complete |  0
|  92|0x000000070ea00000, 0x000000070ec00000, 0x000000070ec00000|100%| E|CS|TAMS 0x000000070ea00000| PB 0x000000070ea00000| Complete |  0
|  93|0x000000070ec00000, 0x000000070ee00000, 0x000000070ee00000|100%| E|CS|TAMS 0x000000070ec00000| PB 0x000000070ec00000| Complete |  0
|  94|0x000000070ee00000, 0x000000070f000000, 0x000000070f000000|100%| E|CS|TAMS 0x000000070ee00000| PB 0x000000070ee00000| Complete |  0
|  95|0x000000070f000000, 0x000000070f200000, 0x000000070f200000|100%| E|CS|TAMS 0x000000070f000000| PB 0x000000070f000000| Complete |  0
|  96|0x000000070f200000, 0x000000070f400000, 0x000000070f400000|100%| E|CS|TAMS 0x000000070f200000| PB 0x000000070f200000| Complete |  0
|  97|0x000000070f400000, 0x000000070f600000, 0x000000070f600000|100%| E|CS|TAMS 0x000000070f400000| PB 0x000000070f400000| Complete |  0
|  98|0x000000070f600000, 0x000000070f800000, 0x000000070f800000|100%| E|CS|TAMS 0x000000070f600000| PB 0x000000070f600000| Complete |  0
|  99|0x000000070f800000, 0x000000070fa00000, 0x000000070fa00000|100%| E|CS|TAMS 0x000000070f800000| PB 0x000000070f800000| Complete |  0
| 100|0x000000070fa00000, 0x000000070fbd0478, 0x000000070fc00000| 90%| S|CS|TAMS 0x000000070fa00000| PB 0x000000070fa00000| Complete |  0
| 101|0x000000070fc00000, 0x000000070fe00000, 0x000000070fe00000|100%| S|CS|TAMS 0x000000070fc00000| PB 0x000000070fc00000| Complete |  0
| 102|0x000000070fe00000, 0x0000000710000000, 0x0000000710000000|100%| S|CS|TAMS 0x000000070fe00000| PB 0x000000070fe00000| Complete |  0
| 103|0x0000000710000000, 0x0000000710200000, 0x0000000710200000|100%| E|CS|TAMS 0x0000000710000000| PB 0x0000000710000000| Complete |  0
| 104|0x0000000710200000, 0x0000000710400000, 0x0000000710400000|100%| E|CS|TAMS 0x0000000710200000| PB 0x0000000710200000| Complete |  0
| 105|0x0000000710400000, 0x0000000710600000, 0x0000000710600000|100%| E|CS|TAMS 0x0000000710400000| PB 0x0000000710400000| Complete |  0
| 106|0x0000000710600000, 0x0000000710800000, 0x0000000710800000|100%| E|CS|TAMS 0x0000000710600000| PB 0x0000000710600000| Complete |  0
| 107|0x0000000710800000, 0x0000000710a00000, 0x0000000710a00000|100%| E|CS|TAMS 0x0000000710800000| PB 0x0000000710800000| Complete |  0
| 108|0x0000000710a00000, 0x0000000710c00000, 0x0000000710c00000|100%| E|CS|TAMS 0x0000000710a00000| PB 0x0000000710a00000| Complete |  0
| 109|0x0000000710c00000, 0x0000000710e00000, 0x0000000710e00000|100%| E|CS|TAMS 0x0000000710c00000| PB 0x0000000710c00000| Complete |  0
| 110|0x0000000710e00000, 0x0000000711000000, 0x0000000711000000|100%| E|CS|TAMS 0x0000000710e00000| PB 0x0000000710e00000| Complete |  0
| 111|0x0000000711000000, 0x0000000711200000, 0x0000000711200000|100%| E|CS|TAMS 0x0000000711000000| PB 0x0000000711000000| Complete |  0
| 112|0x0000000711200000, 0x0000000711400000, 0x0000000711400000|100%| E|CS|TAMS 0x0000000711200000| PB 0x0000000711200000| Complete |  0
| 113|0x0000000711400000, 0x0000000711600000, 0x0000000711600000|100%| E|CS|TAMS 0x0000000711400000| PB 0x0000000711400000| Complete |  0
| 114|0x0000000711600000, 0x0000000711800000, 0x0000000711800000|100%| E|CS|TAMS 0x0000000711600000| PB 0x0000000711600000| Complete |  0
| 115|0x0000000711800000, 0x0000000711a00000, 0x0000000711a00000|100%| E|CS|TAMS 0x0000000711800000| PB 0x0000000711800000| Complete |  0
| 116|0x0000000711a00000, 0x0000000711c00000, 0x0000000711c00000|100%| E|CS|TAMS 0x0000000711a00000| PB 0x0000000711a00000| Complete |  0
| 117|0x0000000711c00000, 0x0000000711e00000, 0x0000000711e00000|100%| E|CS|TAMS 0x0000000711c00000| PB 0x0000000711c00000| Complete |  0
| 118|0x0000000711e00000, 0x0000000712000000, 0x0000000712000000|100%| E|CS|TAMS 0x0000000711e00000| PB 0x0000000711e00000| Complete |  0
| 119|0x0000000712000000, 0x0000000712200000, 0x0000000712200000|100%| E|CS|TAMS 0x0000000712000000| PB 0x0000000712000000| Complete |  0
| 120|0x0000000712200000, 0x0000000712400000, 0x0000000712400000|100%| E|CS|TAMS 0x0000000712200000| PB 0x0000000712200000| Complete |  0
| 121|0x0000000712400000, 0x0000000712600000, 0x0000000712600000|100%| E|CS|TAMS 0x0000000712400000| PB 0x0000000712400000| Complete |  0
| 122|0x0000000712600000, 0x0000000712800000, 0x0000000712800000|100%| E|CS|TAMS 0x0000000712600000| PB 0x0000000712600000| Complete |  0
| 123|0x0000000712800000, 0x0000000712a00000, 0x0000000712a00000|100%| E|CS|TAMS 0x0000000712800000| PB 0x0000000712800000| Complete |  0
| 124|0x0000000712a00000, 0x0000000712c00000, 0x0000000712c00000|100%| E|CS|TAMS 0x0000000712a00000| PB 0x0000000712a00000| Complete |  0
| 125|0x0000000712c00000, 0x0000000712e00000, 0x0000000712e00000|100%| E|  |TAMS 0x0000000712c00000| PB 0x0000000712c00000| Complete |  0
| 126|0x0000000712e00000, 0x0000000713000000, 0x0000000713000000|100%| E|CS|TAMS 0x0000000712e00000| PB 0x0000000712e00000| Complete |  0
|2022|0x00000007ffe00000, 0x00000007fff1c288, 0x0000000800000000| 55%| O|  |TAMS 0x00000007ffe00000| PB 0x00000007ffe00000| Untracked |  0

Card table byte_map: [0x0000016718be0000,0x00000167193d0000] _byte_map_base: 0x00000167153c7000

Marking Bits: (CMBitMap*) 0x000001670c778f20
 Bits: [0x00000167193d0000, 0x000001671d308000)

Polling page: 0x000001670a4c0000

Metaspace:

Usage:
  Non-class:     12.22 MB used.
      Class:      1.69 MB used.
       Both:     13.91 MB used.

Virtual space:
  Non-class space:       64.00 MB reserved,      12.44 MB ( 19%) committed,  1 nodes.
      Class space:        1.00 GB reserved,       1.88 MB ( <1%) committed,  1 nodes.
             Both:        1.06 GB reserved,      14.31 MB (  1%) committed. 

Chunk freelists:
   Non-Class:  2.87 MB
       Class:  14.04 MB
        Both:  16.91 MB

MaxMetaspaceSize: unlimited
CompressedClassSpaceSize: 1.00 GB
Initial GC threshold: 21.00 MB
Current GC threshold: 21.00 MB
CDS: on
 - commit_granule_bytes: 65536.
 - commit_granule_words: 8192.
 - virtual_space_node_default_size: 8388608.
 - enlarge_chunks_in_place: 1.
UseCompressedClassPointers 1, UseCompactObjectHeaders 0
Narrow klass pointer bits 32, Max shift 3
Narrow klass base: 0x0000016721000000, Narrow klass shift: 0
Encoding Range: [0x0000016721000000 - 0x0000016821000000), (4294967296 bytes)
Klass Range:    [0x0000016721000000 - 0x0000016762000000), (1090519040 bytes)
Klass ID Range:  [8 - 1090519033) (1090519025)


Internal statistics:

num_allocs_failed_limit: 0.
num_arena_births: 358.
num_arena_deaths: 0.
num_vsnodes_births: 2.
num_vsnodes_deaths: 0.
num_space_committed: 229.
num_space_uncommitted: 0.
num_chunks_returned_to_freelist: 0.
num_chunks_taken_from_freelist: 737.
num_chunk_merges: 0.
num_chunk_splits: 465.
num_chunks_enlarged: 300.
num_inconsistent_stats: 0.

CodeCache: size=49152Kb used=5782Kb max_used=6394Kb free=43369Kb
 bounds [0x0000016714fb0000, 0x0000016715600000, 0x0000016717fb0000]
 total_blobs=3942, nmethods=3444, adapters=422, full_count=0
Compilation: enabled, stopped_count=0, restarted_count=0

Compilation events (20 events):
Event: 60.562 Thread 0x00000167671cddf0 nmethod 3438 0x00000167150f2008 code [0x00000167150f2140, 0x00000167150f2348]
Event: 60.562 Thread 0x00000167671cddf0 3439       1       jdk.jfr.internal.Control::apply (10 bytes)
Event: 60.562 Thread 0x00000167671cddf0 nmethod 3439 0x00000167150f1d08 code [0x00000167150f1e20, 0x00000167150f1f30]
Event: 60.562 Thread 0x00000167671cddf0 3440       1       jdk.jfr.internal.Control::findCombine (121 bytes)
Event: 60.562 Thread 0x0000016720089380 nmethod 3437 0x00000167150f1408 code [0x00000167150f1600, 0x00000167150f1c90]
Event: 60.562 Thread 0x0000016720089380 3436       1       jdk.jfr.internal.PlatformEventType::isEnabled (5 bytes)
Event: 60.562 Thread 0x0000016720089380 nmethod 3436 0x00000167150f1108 code [0x00000167150f1200, 0x00000167150f12c8]
Event: 60.562 Thread 0x0000016720089380 3434       1       jdk.jfr.internal.EventControl::getSettingsId (5 bytes)
Event: 60.562 Thread 0x0000016720089380 nmethod 3434 0x00000167150f0e08 code [0x00000167150f0f00, 0x00000167150f0fc8]
Event: 60.562 Thread 0x0000016720089380 3435       1       jdk.jfr.internal.EventControl::getNamedControls (5 bytes)
Event: 60.562 Thread 0x0000016720089380 nmethod 3435 0x00000167150f0b08 code [0x00000167150f0c00, 0x00000167150f0cc8]
Event: 60.562 Thread 0x00000167671cddf0 nmethod 3440 0x00000167150f0188 code [0x00000167150f0340, 0x00000167150f0af0]
Event: 60.564 Thread 0x00000167671cddf0 3441       1       jdk.jfr.internal.periodic.EventTask::getEventType (5 bytes)
Event: 60.564 Thread 0x00000167671cddf0 nmethod 3441 0x00000167150efe88 code [0x00000167150eff80, 0x00000167150f0048]
Event: 60.564 Thread 0x00000167671cddf0 3442       1       jdk.jfr.internal.periodic.PeriodicTask::getPeriod (5 bytes)
Event: 60.564 Thread 0x0000016720089380 3443       1       java.util.Comparator$$Lambda/0x00000167221c26a0::compare (10 bytes)
Event: 60.564 Thread 0x00000167671cddf0 nmethod 3442 0x00000167150efb88 code [0x00000167150efc80, 0x00000167150efd48]
Event: 60.564 Thread 0x00000167671cddf0 3444       1       java.util.Comparator::lambda$comparingLong$6043328a$1 (18 bytes)
Event: 60.564 Thread 0x0000016720089380 nmethod 3443 0x00000167150ef808 code [0x00000167150ef940, 0x00000167150efb28]
Event: 60.564 Thread 0x00000167671cddf0 nmethod 3444 0x00000167150ef508 code [0x00000167150ef640, 0x00000167150ef7e0]

GC Heap History (2 events):
Event: 0.841 GC heap before
{Heap before GC invocations=0 (full 0):
 garbage-first heap   total reserved 4143104K, committed 262144K, used 50288K [0x0000000703200000, 0x0000000800000000)
  region size 2048K, 24 young (49152K), 0 survivors (0K)
 Metaspace       used 11307K, committed 11648K, reserved 1114112K
  class space    used 1323K, committed 1472K, reserved 1048576K
}
Event: 0.846 GC heap after
{Heap after GC invocations=1 (full 0):
 garbage-first heap   total reserved 4143104K, committed 262144K, used 7089K [0x0000000703200000, 0x0000000800000000)
  region size 2048K, 3 young (6144K), 3 survivors (6144K)
 Metaspace       used 11307K, committed 11648K, reserved 1114112K
  class space    used 1323K, committed 1472K, reserved 1048576K
}

Dll operation events (12 events):
Event: 0.009 Loaded shared library C:\Users\Damamas\.jdks\openjdk-24.0.1\bin\java.dll
Event: 0.069 Loaded shared library C:\Users\Damamas\.jdks\openjdk-24.0.1\bin\zip.dll
Event: 0.073 Loaded shared library C:\Users\Damamas\.jdks\openjdk-24.0.1\bin\instrument.dll
Event: 0.077 Loaded shared library C:\Users\Damamas\.jdks\openjdk-24.0.1\bin\net.dll
Event: 0.079 Loaded shared library C:\Users\Damamas\.jdks\openjdk-24.0.1\bin\nio.dll
Event: 0.081 Loaded shared library C:\Users\Damamas\.jdks\openjdk-24.0.1\bin\zip.dll
Event: 0.146 Loaded shared library D:\IntelliJ IDEA 2024.2.6\bin\breakgen64.dll
Event: 0.151 Loaded shared library C:\Users\Damamas\.jdks\openjdk-24.0.1\bin\jimage.dll
Event: 0.157 Loaded shared library C:\Users\Damamas\.jdks\openjdk-24.0.1\bin\extnet.dll
Event: 0.174 Loaded shared library C:\Users\Damamas\.jdks\openjdk-24.0.1\bin\management.dll
Event: 0.182 Loaded shared library C:\Users\Damamas\.jdks\openjdk-24.0.1\bin\management_ext.dll
Event: 60.489 Loaded shared library C:\Users\Damamas\AppData\Local\Temp\idea_libasyncProfiler_dll_temp_folder\libasyncProfiler.dll

Deoptimization events (0 events):
No events

Classes loaded (20 events):
Event: 60.551 Loading class jdk/jfr/internal/MetadataWriter
Event: 60.551 Loading class jdk/jfr/internal/MetadataWriter done
Event: 60.551 Loading class jdk/jfr/internal/MetadataDescriptor$Element
Event: 60.551 Loading class jdk/jfr/internal/MetadataDescriptor$Element done
Event: 60.551 Loading class jdk/jfr/internal/MetadataDescriptor$Attribute
Event: 60.551 Loading class jdk/jfr/internal/MetadataDescriptor$Attribute done
Event: 60.554 Loading class jdk/jfr/internal/consumer/StringParser$Encoding
Event: 60.554 Loading class jdk/jfr/internal/consumer/StringParser$Encoding done
Event: 60.559 Loading class jdk/jfr/internal/consumer/RepositoryFiles
Event: 60.559 Loading class jdk/jfr/internal/consumer/RepositoryFiles done
Event: 60.560 Loading class jdk/jfr/internal/SettingsManager$InternalSetting
Event: 60.560 Loading class jdk/jfr/internal/SettingsManager$InternalSetting done
Event: 60.561 Loading class jdk/jfr/internal/util/Rate
Event: 60.561 Loading class jdk/jfr/internal/util/Rate done
Event: 60.561 Loading class jdk/jfr/internal/util/TimespanUnit
Event: 60.561 Loading class jdk/jfr/internal/util/TimespanUnit done
Event: 60.561 Loading class jdk/jfr/internal/util/ValueParser
Event: 60.561 Loading class jdk/jfr/internal/util/ValueParser done
Event: 60.562 Loading class jdk/jfr/internal/periodic/PeriodicType
Event: 60.562 Loading class jdk/jfr/internal/periodic/PeriodicType done

Classes unloaded (0 events):
No events

Classes redefined (0 events):
No events

Internal exceptions (20 events):
Event: 0.771 Thread 0x00000167667875b0 Exception <a 'java/lang/NoSuchMethodError'{0x00000007104bc178}: 'void java.lang.invoke.DirectMethodHandle$Holder.invokeInterface(java.lang.Object, java.lang.Object, java.lang.Object)'> (0x00000007104bc178) 
thrown [s\open\src\hotspot\share\interpreter\linkResolver.cpp, line 805]
Event: 0.783 Thread 0x00000167667875b0 Exception <a 'java/lang/NoSuchMethodError'{0x00000007105761f8}: 'java.lang.Object java.lang.invoke.DirectMethodHandle$Holder.invokeVirtual(java.lang.Object, java.lang.Object, java.lang.Object)'> (0x00000007105761f8) 
thrown [s\open\src\hotspot\share\interpreter\linkResolver.cpp, line 805]
Event: 0.798 Thread 0x00000167667875b0 Exception <a 'java/lang/NoSuchMethodError'{0x000000071025f480}: 'void java.lang.invoke.DirectMethodHandle$Holder.invokeStatic(java.lang.Object, java.lang.Object, int)'> (0x000000071025f480) 
thrown [s\open\src\hotspot\share\interpreter\linkResolver.cpp, line 805]
Event: 0.802 Thread 0x00000167667875b0 Exception <a 'java/lang/NoSuchMethodError'{0x00000007102830b8}: 'void java.lang.invoke.DirectMethodHandle$Holder.invokeStaticInit(java.lang.Object, java.lang.Object, java.lang.Object)'> (0x00000007102830b8) 
thrown [s\open\src\hotspot\share\interpreter\linkResolver.cpp, line 805]
Event: 0.808 Thread 0x00000167665d2e70 Exception <a 'java/lang/NoSuchMethodError'{0x00000007115c1290}: 'long java.lang.invoke.DirectMethodHandle$Holder.invokeVirtual(java.lang.Object, java.lang.Object)'> (0x00000007115c1290) 
thrown [s\open\src\hotspot\share\interpreter\linkResolver.cpp, line 805]
Event: 0.809 Thread 0x00000167665d2e70 Exception <a 'java/lang/NoSuchMethodError'{0x00000007115d1540}: 'long java.lang.invoke.DelegatingMethodHandle$Holder.reinvoke_L(java.lang.Object, java.lang.Object)'> (0x00000007115d1540) 
thrown [s\open\src\hotspot\share\interpreter\linkResolver.cpp, line 805]
Event: 0.816 Thread 0x00000167667875b0 Exception <a 'java/lang/NoSuchMethodError'{0x000000071035ce50}: 'void java.lang.invoke.DirectMethodHandle$Holder.invokeVirtual(java.lang.Object, java.lang.Object, java.lang.Object, java.lang.Object)'> (0x000000071035ce50) 
thrown [s\open\src\hotspot\share\interpreter\linkResolver.cpp, line 805]
Event: 0.865 Thread 0x000001676699e5e0 Exception <a 'java/lang/NoClassDefFoundError'{0x0000000712ca6098}: jakarta/validation/Validation> (0x0000000712ca6098) 
thrown [s\open\src\hotspot\share\classfile\systemDictionary.cpp, line 316]
Event: 0.865 Thread 0x000001676699e5e0 Exception <a 'java/lang/NoClassDefFoundError'{0x0000000712ca83c0}: org/springframework/http/converter/support/AllEncompassingFormHttpMessageConverter> (0x0000000712ca83c0) 
thrown [s\open\src\hotspot\share\classfile\systemDictionary.cpp, line 316]
Event: 0.865 Thread 0x000001676699e5e0 Exception <a 'java/lang/NoClassDefFoundError'{0x0000000712caa698}: org/springframework/http/converter/json/Jackson2ObjectMapperBuilder> (0x0000000712caa698) 
thrown [s\open\src\hotspot\share\classfile\systemDictionary.cpp, line 316]
Event: 0.866 Thread 0x000001676699e5e0 Exception <a 'java/lang/NoClassDefFoundError'{0x0000000712cade70}: org/apache/tomcat/util/http/Rfc6265CookieProcessor> (0x0000000712cade70) 
thrown [s\open\src\hotspot\share\classfile\systemDictionary.cpp, line 316]
Event: 0.873 Thread 0x00000167667875b0 Exception <a 'java/lang/IncompatibleClassChangeError'{0x0000000712d64ef0}: Found class java.lang.Object, but interface was expected> (0x0000000712d64ef0) 
thrown [s\open\src\hotspot\share\interpreter\linkResolver.cpp, line 872]
Event: 1.230 Thread 0x00000167667875b0 Exception <a 'java/lang/NoSuchMethodError'{0x00000007124cc100}: 'void java.lang.invoke.DirectMethodHandle$Holder.invokeStatic(java.lang.Object, long)'> (0x00000007124cc100) 
thrown [s\open\src\hotspot\share\interpreter\linkResolver.cpp, line 805]
Event: 1.439 Thread 0x00000167665d2e70 Exception <a 'java/lang/NoSuchMethodError'{0x00000007122242b0}: static [Ljava/lang/StackTraceElement;.<clinit>()V> (0x00000007122242b0) 
thrown [s\open\src\hotspot\share\prims\jni.cpp, line 1108]
Event: 60.545 Thread 0x000001671f7b3030 Exception <a 'java/lang/NoSuchMethodError'{0x000000070ed0af60}: 'void java.lang.invoke.DirectMethodHandle$Holder.invokeSpecial(java.lang.Object, java.lang.Object, int)'> (0x000000070ed0af60) 
thrown [s\open\src\hotspot\share\interpreter\linkResolver.cpp, line 805]
Event: 60.545 Thread 0x000001671f7b3030 Exception <a 'java/lang/NoSuchMethodError'{0x000000070ed12b80}: 'void java.lang.invoke.Invokers$Holder.invokeExact_MT(java.lang.Object, int, java.lang.Object)'> (0x000000070ed12b80) 
thrown [s\open\src\hotspot\share\interpreter\linkResolver.cpp, line 805]
Event: 60.546 Thread 0x000001671f7b3030 Exception <a 'java/lang/NoSuchMethodError'{0x000000070ed34050}: 'java.lang.Object java.lang.invoke.DirectMethodHandle$Holder.newInvokeSpecial(java.lang.Object, java.lang.Object, int)'> (0x000000070ed34050) 
thrown [s\open\src\hotspot\share\interpreter\linkResolver.cpp, line 805]
Event: 60.548 Thread 0x000001671f7b3030 Exception <a 'sun/nio/fs/WindowsException'{0x000000070edb8928}> (0x000000070edb8928) 
thrown [s\open\src\hotspot\share\prims\jni.cpp, line 518]
Event: 60.548 Thread 0x000001671f7b3030 Exception <a 'sun/nio/fs/WindowsException'{0x000000070edc5758}> (0x000000070edc5758) 
thrown [s\open\src\hotspot\share\prims\jni.cpp, line 518]
Event: 60.550 Thread 0x000001671f7b3030 Exception <a 'sun/nio/fs/WindowsException'{0x000000070edd7580}> (0x000000070edd7580) 
thrown [s\open\src\hotspot\share\prims\jni.cpp, line 518]

VM Operations (20 events):
Event: 0.798 Executing VM operation: HandshakeAllThreads (Deoptimize)
Event: 0.798 Executing VM operation: HandshakeAllThreads (Deoptimize) done
Event: 0.799 Executing VM operation: HandshakeAllThreads (Deoptimize)
Event: 0.799 Executing VM operation: HandshakeAllThreads (Deoptimize) done
Event: 0.841 Executing VM operation: G1CollectForAllocation (G1 Evacuation Pause)
Event: 0.846 Executing VM operation: G1CollectForAllocation (G1 Evacuation Pause) done
Event: 0.857 Executing VM operation: HandshakeAllThreads (Deoptimize)
Event: 0.857 Executing VM operation: HandshakeAllThreads (Deoptimize) done
Event: 0.859 Executing VM operation: HandshakeAllThreads (Deoptimize)
Event: 0.859 Executing VM operation: HandshakeAllThreads (Deoptimize) done
Event: 0.939 Executing VM operation: HandshakeAllThreads (Deoptimize)
Event: 0.939 Executing VM operation: HandshakeAllThreads (Deoptimize) done
Event: 60.182 Executing VM operation: HandshakeAllThreads (HandshakeForDeflation)
Event: 60.182 Executing VM operation: HandshakeAllThreads (HandshakeForDeflation) done
Event: 60.182 Executing VM operation: RendezvousGCThreads
Event: 60.182 Executing VM operation: RendezvousGCThreads done
Event: 60.547 Executing VM operation: HandshakeAllThreads (Deoptimize)
Event: 60.547 Executing VM operation: HandshakeAllThreads (Deoptimize) done
Event: 60.559 Executing VM operation: JFRSafepointClear
Event: 60.559 Executing VM operation: JFRSafepointClear done

Memory protections (0 events):
No events

Nmethod flushes (0 events):
No events

Events (20 events):
Event: 56.408 Thread 0x00000167669a0320 Thread exited: 0x00000167669a0320
Event: 56.909 Thread 0x000001676699f480 Thread added: 0x000001676699e5e0
Event: 56.912 Thread 0x000001676699e5e0 Thread exited: 0x000001676699e5e0
Event: 57.413 Thread 0x000001676699f480 Thread added: 0x00000167669a11c0
Event: 57.415 Thread 0x00000167669a11c0 Thread exited: 0x00000167669a11c0
Event: 57.916 Thread 0x000001676699f480 Thread added: 0x000001676699fbd0
Event: 57.917 Thread 0x000001676699fbd0 Thread exited: 0x000001676699fbd0
Event: 58.419 Thread 0x000001676699f480 Thread added: 0x00000167669a0320
Event: 58.420 Thread 0x00000167669a0320 Thread exited: 0x00000167669a0320
Event: 58.922 Thread 0x000001676699f480 Thread added: 0x00000167669a11c0
Event: 58.924 Thread 0x00000167669a11c0 Thread exited: 0x00000167669a11c0
Event: 59.425 Thread 0x000001676699f480 Thread added: 0x000001676699fbd0
Event: 59.427 Thread 0x000001676699fbd0 Thread exited: 0x000001676699fbd0
Event: 59.930 Thread 0x000001676699f480 Thread added: 0x00000167669a0320
Event: 59.932 Thread 0x00000167669a0320 Thread exited: 0x00000167669a0320
Event: 60.433 Thread 0x000001676699f480 Thread added: 0x000001676699fbd0
Event: 60.435 Thread 0x000001676699fbd0 Thread exited: 0x000001676699fbd0
Event: 60.506 Thread 0x000001671f7b3030 Thread added: 0x00000167669a11c0
Event: 60.519 Thread 0x0000016720089380 Thread added: 0x00000167671cddf0
Event: 60.546 Thread 0x000001671f7b3030 Thread added: 0x000001676699e5e0


Dynamic libraries:
0x00007ff65dcf0000 - 0x00007ff65dcfe000 	C:\Users\Damamas\.jdks\openjdk-24.0.1\bin\java.exe
0x00007ffb9b400000 - 0x00007ffb9b665000 	C:\WINDOWS\SYSTEM32\ntdll.dll
0x00007ffb9a180000 - 0x00007ffb9a249000 	C:\WINDOWS\System32\KERNEL32.DLL
0x00007ffb98740000 - 0x00007ffb98b28000 	C:\WINDOWS\System32\KERNELBASE.dll
0x00007ffb98f70000 - 0x00007ffb990bb000 	C:\WINDOWS\System32\ucrtbase.dll
0x00007ffb8c200000 - 0x00007ffb8c216000 	C:\Users\Damamas\.jdks\openjdk-24.0.1\bin\jli.dll
0x00007ffb99eb0000 - 0x00007ffb9a07a000 	C:\WINDOWS\System32\USER32.dll
0x00007ffb8c1e0000 - 0x00007ffb8c1fb000 	C:\Users\Damamas\.jdks\openjdk-24.0.1\bin\VCRUNTIME140.dll
0x00007ffb99170000 - 0x00007ffb99197000 	C:\WINDOWS\System32\win32u.dll
0x00007ffb993f0000 - 0x00007ffb9941b000 	C:\WINDOWS\System32\GDI32.dll
0x00007ffb98cb0000 - 0x00007ffb98de7000 	C:\WINDOWS\System32\gdi32full.dll
0x00007ffb990c0000 - 0x00007ffb99163000 	C:\WINDOWS\System32\msvcp_win.dll
0x00007ffb71970000 - 0x00007ffb71c0a000 	C:\WINDOWS\WinSxS\amd64_microsoft.windows.common-controls_6595b64144ccf1df_6.0.26100.4202_none_3e0698d4e335f517\COMCTL32.dll
0x00007ffb992c0000 - 0x00007ffb99369000 	C:\WINDOWS\System32\msvcrt.dll
0x00007ffb9ab60000 - 0x00007ffb9ab90000 	C:\WINDOWS\System32\IMM32.DLL
0x00007ffb8c1d0000 - 0x00007ffb8c1dc000 	C:\Users\Damamas\.jdks\openjdk-24.0.1\bin\vcruntime140_1.dll
0x00007ffb8c140000 - 0x00007ffb8c1ce000 	C:\Users\Damamas\.jdks\openjdk-24.0.1\bin\msvcp140.dll
0x00007ffb03970000 - 0x00007ffb04712000 	C:\Users\Damamas\.jdks\openjdk-24.0.1\bin\server\jvm.dll
0x00007ffb99200000 - 0x00007ffb992b3000 	C:\WINDOWS\System32\ADVAPI32.dll
0x00007ffb9a610000 - 0x00007ffb9a6b6000 	C:\WINDOWS\System32\sechost.dll
0x00007ffb99420000 - 0x00007ffb99535000 	C:\WINDOWS\System32\RPCRT4.dll
0x00007ffb99630000 - 0x00007ffb996a4000 	C:\WINDOWS\System32\WS2_32.dll
0x00007ffb86910000 - 0x00007ffb86945000 	C:\WINDOWS\SYSTEM32\WINMM.dll
0x00007ffb97e40000 - 0x00007ffb97e9e000 	C:\WINDOWS\SYSTEM32\POWRPROF.dll
0x00007ffb8df80000 - 0x00007ffb8df8b000 	C:\WINDOWS\SYSTEM32\VERSION.dll
0x00007ffb97de0000 - 0x00007ffb97df4000 	C:\WINDOWS\SYSTEM32\UMPDC.dll
0x00007ffb972d0000 - 0x00007ffb972eb000 	C:\WINDOWS\SYSTEM32\kernel.appcore.dll
0x00007ffb8c130000 - 0x00007ffb8c13a000 	C:\Users\Damamas\.jdks\openjdk-24.0.1\bin\jimage.dll
0x00007ffb95cb0000 - 0x00007ffb95ef1000 	C:\WINDOWS\SYSTEM32\DBGHELP.DLL
0x00007ffb9aba0000 - 0x00007ffb9af25000 	C:\WINDOWS\System32\combase.dll
0x00007ffb9a710000 - 0x00007ffb9a7f1000 	C:\WINDOWS\System32\OLEAUT32.dll
0x00007ffb7b460000 - 0x00007ffb7b499000 	C:\WINDOWS\SYSTEM32\dbgcore.DLL
0x00007ffb986a0000 - 0x00007ffb98739000 	C:\WINDOWS\System32\bcryptPrimitives.dll
0x00007ffb8bfd0000 - 0x00007ffb8bfdf000 	C:\Users\Damamas\.jdks\openjdk-24.0.1\bin\instrument.dll
0x00007ffb8c110000 - 0x00007ffb8c12e000 	C:\Users\Damamas\.jdks\openjdk-24.0.1\bin\java.dll
0x00007ffb9a3d0000 - 0x00007ffb9a56e000 	C:\WINDOWS\System32\ole32.dll
0x00007ffb996d0000 - 0x00007ffb99e12000 	C:\WINDOWS\System32\SHELL32.dll
0x00007ffb98b30000 - 0x00007ffb98ca4000 	C:\WINDOWS\System32\wintypes.dll
0x00007ffb96190000 - 0x00007ffb969e8000 	C:\WINDOWS\SYSTEM32\windows.storage.dll
0x00007ffb9a080000 - 0x00007ffb9a171000 	C:\WINDOWS\System32\SHCORE.dll
0x00007ffb99380000 - 0x00007ffb993ea000 	C:\WINDOWS\System32\shlwapi.dll
0x00007ffb98460000 - 0x00007ffb9848f000 	C:\WINDOWS\SYSTEM32\profapi.dll
0x00007ffb8bfe0000 - 0x00007ffb8bff7000 	C:\Users\Damamas\.jdks\openjdk-24.0.1\bin\zip.dll
0x00007ffb8c020000 - 0x00007ffb8c030000 	C:\Users\Damamas\.jdks\openjdk-24.0.1\bin\net.dll
0x00007ffb97820000 - 0x00007ffb9788a000 	C:\WINDOWS\system32\mswsock.dll
0x00007ffb8c000000 - 0x00007ffb8c016000 	C:\Users\Damamas\.jdks\openjdk-24.0.1\bin\nio.dll
0x00007ffb8bf40000 - 0x00007ffb8bf5a000 	D:\IntelliJ IDEA 2024.2.6\bin\breakgen64.dll
0x00007ffb8bf90000 - 0x00007ffb8bf99000 	C:\Users\Damamas\.jdks\openjdk-24.0.1\bin\extnet.dll
0x00007ffb96d70000 - 0x00007ffb96e97000 	C:\WINDOWS\SYSTEM32\DNSAPI.dll
0x00007ffb96ce0000 - 0x00007ffb96d13000 	C:\WINDOWS\SYSTEM32\IPHLPAPI.DLL
0x00007ffb9a600000 - 0x00007ffb9a60a000 	C:\WINDOWS\System32\NSI.dll
0x00007ffb8f620000 - 0x00007ffb8f62b000 	C:\Windows\System32\rasadhlp.dll
0x00007ffb8bb90000 - 0x00007ffb8bc16000 	C:\WINDOWS\System32\fwpuclnt.dll
0x00007ffb8bfb0000 - 0x00007ffb8bfba000 	C:\Users\Damamas\.jdks\openjdk-24.0.1\bin\management.dll
0x00007ffb8bfa0000 - 0x00007ffb8bfab000 	C:\Users\Damamas\.jdks\openjdk-24.0.1\bin\management_ext.dll
0x00007ffb99540000 - 0x00007ffb99548000 	C:\WINDOWS\System32\PSAPI.DLL
0x00007ffb97c00000 - 0x00007ffb97c1b000 	C:\WINDOWS\SYSTEM32\CRYPTSP.dll
0x00007ffb97230000 - 0x00007ffb9726a000 	C:\WINDOWS\system32\rsaenh.dll
0x00007ffb978c0000 - 0x00007ffb978eb000 	C:\WINDOWS\SYSTEM32\USERENV.dll
0x00007ffb98430000 - 0x00007ffb98456000 	C:\WINDOWS\SYSTEM32\bcrypt.dll
0x00007ffb97a60000 - 0x00007ffb97a6c000 	C:\WINDOWS\SYSTEM32\CRYPTBASE.dll
0x00007ffb92870000 - 0x00007ffb92888000 	C:\WINDOWS\system32\napinsp.dll
0x00007ffb92850000 - 0x00007ffb92862000 	C:\WINDOWS\System32\winrnr.dll
0x00007ffb6ae30000 - 0x00007ffb6ae60000 	C:\WINDOWS\system32\nlansp_c.dll
0x00007ffb8c6c0000 - 0x00007ffb8c6e0000 	C:\WINDOWS\system32\wshbth.dll
0x00007ffb92a70000 - 0x00007ffb92b0e000 	C:\WINDOWS\system32\apphelp.dll
0x00007ffb729d0000 - 0x00007ffb72bc9000 	C:\Users\Damamas\AppData\Local\Temp\idea_libasyncProfiler_dll_temp_folder\libasyncProfiler.dll

JVMTI agents:
D:\IntelliJ IDEA 2024.2.6\lib\idea_rt.jar path:C:\Users\Damamas\.jdks\openjdk-24.0.1\bin\instrument.dll, loaded, initialized, instrumentlib options:50107:D:\IntelliJ IDEA 2024.2.6\bin

dbghelp: loaded successfully - version: 4.0.5 - missing functions: none
symbol engine: initialized successfully - sym options: 0x614 - pdb path: .;C:\Users\Damamas\.jdks\openjdk-24.0.1\bin;C:\WINDOWS\SYSTEM32;C:\WINDOWS\WinSxS\amd64_microsoft.windows.common-controls_6595b64144ccf1df_6.0.26100.4202_none_3e0698d4e335f517;C:\Users\Damamas\.jdks\openjdk-24.0.1\bin\server;D:\IntelliJ IDEA 2024.2.6\bin;C:\Users\Damamas\AppData\Local\Temp\idea_libasyncProfiler_dll_temp_folder

VM Arguments:
jvm_args: --enable-preview -XX:TieredStopAtLevel=1 -Dspring.output.ansi.enabled=always -Dcom.sun.management.jmxremote -Dspring.jmx.enabled=true -Dspring.liveBeansView.mbeanDomain -Dspring.application.admin.enabled=true -Dmanagement.endpoints.jmx.exposure.include=* -javaagent:D:\IntelliJ IDEA 2024.2.6\lib\idea_rt.jar=50107:D:\IntelliJ IDEA 2024.2.6\bin -Dfile.encoding=UTF-8 -Dsun.stdout.encoding=UTF-8 -Dsun.stderr.encoding=UTF-8 
java_command: org.example.sberpractice.SberPracticeApplication
java_class_path (initial): C:\Users\Damamas\IdeaProjects\SberPractice\target\classes;C:\Users\Damamas\.m2\repository\org\springframework\boot\spring-boot-starter\3.5.3\spring-boot-starter-3.5.3.jar;C:\Users\Damamas\.m2\repository\org\springframework\boot\spring-boot\3.5.3\spring-boot-3.5.3.jar;C:\Users\Damamas\.m2\repository\org\springframework\spring-context\6.2.8\spring-context-6.2.8.jar;C:\Users\Damamas\.m2\repository\org\springframework\spring-aop\6.2.8\spring-aop-6.2.8.jar;C:\Users\Damamas\.m2\repository\org\springframework\spring-beans\6.2.8\spring-beans-6.2.8.jar;C:\Users\Damamas\.m2\repository\org\springframework\spring-expression\6.2.8\spring-expression-6.2.8.jar;C:\Users\Damamas\.m2\repository\io\micrometer\micrometer-observation\1.15.1\micrometer-observation-1.15.1.jar;C:\Users\Damamas\.m2\repository\io\micrometer\micrometer-commons\1.15.1\micrometer-commons-1.15.1.jar;C:\Users\Damamas\.m2\repository\org\springframework\boot\spring-boot-autoconfigure\3.5.3\spring-boot-autoconfigure-3.5.3.jar;C:\Users\Damamas\.m2\repository\org\springframework\boot\spring-boot-starter-logging\3.5.3\spring-boot-starter-logging-3.5.3.jar;C:\Users\Damamas\.m2\repository\ch\qos\logback\logback-classic\1.5.18\logback-classic-1.5.18.jar;C:\Users\Damamas\.m2\repository\ch\qos\logback\logback-core\1.5.18\logback-core-1.5.18.jar;C:\Users\Damamas\.m2\repository\org\apache\logging\log4j\log4j-to-slf4j\2.24.3\log4j-to-slf4j-2.24.3.jar;C:\Users\Damamas\.m2\repository\org\apache\logging\log4j\log4j-api\2.24.3\log4j-api-2.24.3.jar;C:\Users\Damamas\.m2\repository\org\slf4j\jul-to-slf4j\2.0.17\jul-to-slf4j-2.0.17.jar;C:\Users\Damamas\.m2\repository\jakarta\annotation\jakarta.annotation-api\2.1.1\jakarta.annotation-api-2.1.1.jar;C:\Users\Damamas\.m2\repository\org\springframework\spring-core\6.2.8\spring-core-6.2.8.jar;C:\Users\Damamas\.m2\repository\org\springframework\spring-jcl\6.2.8\spring-jcl-6.2.8.jar;C:\Users\Damamas\.m2\repository\org\yaml\snakeyaml\2.4\snakeyaml-2.4.jar;C:\Users\Damamas\.m2\repository\org\springframework\boot\spring-boot-devtools\3.5.3\spring-boot-devtools-3.5.3.jar;C:\Users\Damamas\.m2\repository\org\springframework\boot\spring-boot-docker-compose\3.5.3\spring-boot-docker-compose-3.5.3.jar;C:\Users\Damamas\.m2\repository\com\fasterxml\jackson\core\jackson-databind\2.19.1\jackson-databind-2.19.1.jar;C:\Users\Damamas\.m2\repository\com\fasterxml\jackson\core\jackson-annotations\2.19.1\jackson-annotations-2.19.1.jar;C:\Users\Damamas\.m2\repository\com\fasterxml\jackson\core\jackson-core\2.19.1\jackson-core-2.19.1.jar;C:\Users\Damamas\.m2\repository\com\fasterxml\jackson\module\jackson-module-parameter-names\2.19.1\jackson-module-parameter-names-2.19.1.jar;C:\Users\Damamas\.m2\repository\org\postgresql\postgresql\42.7.7\postgresql-42.7.7.jar;C:\Users\Damamas\.m2\repository\org\checkerframework\checker-qual\3.49.3\checker-qual-3.49.3.jar;C:\Users\Damamas\.m2\repository\org\slf4j\slf4j-api\2.0.17\slf4j-api-2.0.17.jar
Launcher Type: SUN_STANDARD

[Global flags]
     intx CICompilerCount                          = 4                                         {product} {ergonomic}
     uint ConcGCThreads                            = 3                                         {product} {ergonomic}
     bool FlightRecorder                           = true                                      {product} {management}
     uint G1ConcRefinementThreads                  = 10                                        {product} {ergonomic}
   size_t G1HeapRegionSize                         = 2097152                                   {product} {ergonomic}
   size_t InitialHeapSize                          = 266338304                                 {product} {ergonomic}
     bool ManagementServer                         = true                                      {product} {command line}
   size_t MarkStackSize                            = 4194304                                   {product} {ergonomic}
   size_t MarkStackSizeMax                         = 536870912                                 {product} {ergonomic}
   size_t MaxHeapSize                              = 4242538496                                {product} {ergonomic}
   size_t MaxNewSize                               = 2543845376                                {product} {ergonomic}
   size_t MinHeapDeltaBytes                        = 2097152                                   {product} {ergonomic}
   size_t MinHeapSize                              = 8388608                                   {product} {ergonomic}
    uintx NonNMethodCodeHeapSize                   = 4096                                   {pd product} {ergonomic}
    uintx NonProfiledCodeHeapSize                  = 0                                      {pd product} {ergonomic}
     bool ProfileInterpreter                       = false                                  {pd product} {command line}
    uintx ProfiledCodeHeapSize                     = 0                                      {pd product} {ergonomic}
   size_t SoftMaxHeapSize                          = 4242538496                             {manageable} {ergonomic}
     intx TieredStopAtLevel                        = 1                                         {product} {command line}
     bool UseCompressedOops                        = true                           {product lp64_product} {ergonomic}
     bool UseG1GC                                  = true                                      {product} {ergonomic}
     bool UseLargePagesIndividualAllocation        = false                                  {pd product} {ergonomic}

Logging:
Log output configuration:
 #0: stdout all=warning uptime,level,tags foldmultilines=false
 #1: stderr all=off uptime,level,tags foldmultilines=false

Environment Variables:
PATH=C:\WINDOWS\system32;C:\WINDOWS;C:\WINDOWS\System32\Wbem;C:\WINDOWS\System32\WindowsPowerShell\v1.0\;C:\WINDOWS\System32\OpenSSH\;C:\Program Files (x86)\NVIDIA Corporation\PhysX\Common;C:\Program Files\dotnet\;C:\Program Files\NVIDIA Corporation\NVIDIA App\NvDLISR;C:\Program Files\Docker\Docker\resources\bin;C:\Users\Damamas\AppData\Local\Microsoft\WindowsApps;C:\Users\Damamas\.dotnet\tools;D:\IntelliJ IDEA 2024.2.6\bin;
USERNAME=Damamas
OS=Windows_NT
PROCESSOR_IDENTIFIER=Intel64 Family 6 Model 186 Stepping 2, GenuineIntel
TMP=C:\Users\Damamas\AppData\Local\Temp
TEMP=C:\Users\Damamas\AppData\Local\Temp




Periodic native trim disabled

---------------  S Y S T E M  ---------------

OS:
 Windows 11 , 64 bit Build 26100 (10.0.26100.4202)
OS uptime: 0 days 0:04 hours
Hyper-V role detected

CPU: total 12 (initial active 12) (6 cores per cpu, 2 threads per core) family 6 model 186 stepping 2 microcode 0x4128, cx8, cmov, fxsr, ht, mmx, 3dnowpref, sse, sse2, sse3, ssse3, sse4.1, sse4.2, popcnt, lzcnt, tsc, tscinvbit, avx, avx2, aes, erms, clmul, bmi1, bmi2, adx, sha, fma, vzeroupper, clflush, clflushopt, clwb, hv, serialize, rdtscp, rdpid, fsrm, gfni, f16c, cet_ibt, cet_ss
Processor Information for processor 0
  Max Mhz: 2100, Current Mhz: 2100, Mhz Limit: 2100
Processor Information for processor 1
  Max Mhz: 2100, Current Mhz: 2100, Mhz Limit: 2100
Processor Information for processor 2
  Max Mhz: 2100, Current Mhz: 2100, Mhz Limit: 2100
Processor Information for processor 3
  Max Mhz: 2100, Current Mhz: 2100, Mhz Limit: 2100
Processor Information for processor 4
  Max Mhz: 2100, Current Mhz: 2100, Mhz Limit: 2100
Processor Information for processor 5
  Max Mhz: 2100, Current Mhz: 2100, Mhz Limit: 2100
Processor Information for processor 6
  Max Mhz: 2100, Current Mhz: 2100, Mhz Limit: 2100
Processor Information for processor 7
  Max Mhz: 2100, Current Mhz: 2100, Mhz Limit: 2100
Processor Information for processor 8
  Max Mhz: 2100, Current Mhz: 1500, Mhz Limit: 1491
Processor Information for processor 9
  Max Mhz: 2100, Current Mhz: 1500, Mhz Limit: 1491
Processor Information for processor 10
  Max Mhz: 2100, Current Mhz: 1500, Mhz Limit: 1491
Processor Information for processor 11
  Max Mhz: 2100, Current Mhz: 1500, Mhz Limit: 1491

Memory: 4k page, system-wide physical 16176M (8716M free)
TotalPageFile size 21040M (AvailPageFile size 12379M)
current process WorkingSet (physical memory assigned to process): 138M, peak: 138M
current process commit charge ("private bytes"): 401M, peak: 401M

vm_info: OpenJDK 64-Bit Server VM (24.0.1+9-30) for windows-amd64 JRE (24.0.1+9-30), built on 2025-03-05T07:23:45Z with MS VC++ 17.6 (VS2022)

END.
